2023-02-25 12:18:26,964{GMT}	INFO	[jepsen test runner] jepsen.core: Command line:
lein run test -w echo --bin ../echo/main --node-count 1 --time-limit 10
2023-02-25 12:18:27,002{GMT}	INFO	[jepsen test runner] jepsen.core: Running test:
{:args []
 :remote
 #jepsen.control.retry.Remote{:remote #jepsen.control.scp.Remote{:cmd-remote #jepsen.control.sshj.SSHJRemote{:concurrency-limit 6,
                                                                                                             :conn-spec nil,
                                                                                                             :client nil,
                                                                                                             :semaphore nil},
                                                                 :conn-spec nil},
                              :conn nil}
 :log-net-send false
 :node-count 1
 :availability nil
 :max-txn-length 4
 :concurrency 1
 :db
 #object[maelstrom.db$db$reify__16142
         "0x31906cb2"
         "maelstrom.db$db$reify__16142@31906cb2"]
 :max-writes-per-key 16
 :leave-db-running? false
 :name "echo"
 :logging-json? false
 :start-time
 #object[org.joda.time.DateTime "0x1d7d2345" "2023-02-25T12:18:26.954-05:00"]
 :nemesis-interval 10
 :net
 #object[maelstrom.net$jepsen_net$reify__15251
         "0x43a8dd9b"
         "maelstrom.net$jepsen_net$reify__15251@43a8dd9b"]
 :client
 #object[maelstrom.workload.echo$client$reify__16863
         "0x1c7159d5"
         "maelstrom.workload.echo$client$reify__16863@1c7159d5"]
 :barrier
 #object[java.util.concurrent.CyclicBarrier
         "0x62cad0e8"
         "java.util.concurrent.CyclicBarrier@62cad0e8"]
 :log-stderr false
 :pure-generators true
 :ssh {:dummy? true}
 :rate 5
 :checker
 #object[jepsen.checker$compose$reify__11881
         "0x1659a0ff"
         "jepsen.checker$compose$reify__11881@1659a0ff"]
 :argv
 ("test"
  "-w"
  "echo"
  "--bin"
  "../echo/main"
  "--node-count"
  "1"
  "--time-limit"
  "10")
 :nemesis
 (jepsen.nemesis.ReflCompose
  {:fm {:start-partition 0,
        :stop-partition 0,
        :kill 1,
        :start 1,
        :pause 1,
        :resume 1},
   :nemeses [#unprintable "jepsen.nemesis.combined$partition_nemesis$reify__16416@1398e3aa"
             #unprintable "jepsen.nemesis.combined$db_nemesis$reify__16397@531bffd"]})
 :nodes ["n0"]
 :test-count 1
 :latency {:mean 0, :dist :constant}
 :bin "../echo/main"
 :generator
 (jepsen.generator.TimeLimit
  {:limit 10000000000,
   :cutoff nil,
   :gen (jepsen.generator.Any
         {:gens [(jepsen.generator.OnThreads
                  {:f #{:nemesis},
                   :context-filter #object[jepsen.generator.context$make_thread_filter$lazy_filter__9167
                                           "0x157002b7"
                                           "jepsen.generator.context$make_thread_filter$lazy_filter__9167@157002b7"],
                   :gen nil})
                 (jepsen.generator.OnThreads
                  {:f #jepsen.generator.context.AllBut{:element :nemesis},
                   :context-filter #object[jepsen.generator.context$make_thread_filter$lazy_filter__9167
                                           "0x66227940"
                                           "jepsen.generator.context$make_thread_filter$lazy_filter__9167@66227940"],
                   :gen (jepsen.generator.Stagger
                         {:dt 400000000,
                          :next-time nil,
                          :gen (jepsen.generator.EachThread
                                {:fresh-gen #object[maelstrom.workload.echo$workload$fn__16882
                                                    "0xba76911"
                                                    "maelstrom.workload.echo$workload$fn__16882@ba76911"],
                                 :context-filters #object[clojure.core$promise$reify__8591
                                                          "0xffb8f15"
                                                          {:status :pending,
                                                           :val nil}],
                                 :gens {}})})})]})})
 :log-net-recv false
 :os
 #object[maelstrom.net$jepsen_os$reify__15254
         "0x1a0b51e7"
         "maelstrom.net$jepsen_os$reify__15254@1a0b51e7"]
 :time-limit 10
 :workload :echo
 :consistency-models [:strict-serializable]
 :topology :grid}

2023-02-25 12:18:28,393{GMT}	INFO	[jepsen node n0] maelstrom.net: Starting Maelstrom network
2023-02-25 12:18:28,394{GMT}	INFO	[jepsen test runner] jepsen.db: Tearing down DB
2023-02-25 12:18:28,395{GMT}	INFO	[jepsen test runner] jepsen.db: Setting up DB
2023-02-25 12:18:28,396{GMT}	INFO	[jepsen node n0] maelstrom.service: Starting services: (lin-kv lin-tso lww-kv seq-kv)
2023-02-25 12:18:28,399{GMT}	INFO	[jepsen node n0] maelstrom.db: Setting up n0
2023-02-25 12:18:28,400{GMT}	INFO	[jepsen node n0] maelstrom.process: launching ../echo/main []
2023-02-25 12:18:28,414{GMT}	INFO	[jepsen test runner] jepsen.core: Relative time begins now
2023-02-25 12:18:28,424{GMT}	INFO	[jepsen worker 0] jepsen.util: 0	:invoke	:echo	"Please echo 109"
2023-02-25 12:18:28,429{GMT}	INFO	[jepsen worker 0] jepsen.util: 0	:ok	:echo	{:echo "Please echo 109", :in_reply_to 1, :msg_id 1, :type "echo_ok"}
2023-02-25 12:18:28,697{GMT}	INFO	[jepsen worker 0] jepsen.util: 0	:invoke	:echo	"Please echo 43"
2023-02-25 12:18:28,700{GMT}	INFO	[jepsen worker 0] jepsen.util: 0	:ok	:echo	{:echo "Please echo 43", :in_reply_to 2, :msg_id 2, :type "echo_ok"}
2023-02-25 12:18:28,880{GMT}	INFO	[jepsen worker 0] jepsen.util: 0	:invoke	:echo	"Please echo 31"
2023-02-25 12:18:28,884{GMT}	INFO	[jepsen worker 0] jepsen.util: 0	:ok	:echo	{:echo "Please echo 31", :in_reply_to 3, :msg_id 3, :type "echo_ok"}
2023-02-25 12:18:29,191{GMT}	INFO	[jepsen worker 0] jepsen.util: 0	:invoke	:echo	"Please echo 112"
2023-02-25 12:18:29,194{GMT}	INFO	[jepsen worker 0] jepsen.util: 0	:ok	:echo	{:echo "Please echo 112", :in_reply_to 4, :msg_id 4, :type "echo_ok"}
2023-02-25 12:18:29,384{GMT}	INFO	[jepsen worker 0] jepsen.util: 0	:invoke	:echo	"Please echo 51"
2023-02-25 12:18:29,385{GMT}	INFO	[jepsen worker 0] jepsen.util: 0	:ok	:echo	{:echo "Please echo 51", :in_reply_to 5, :msg_id 5, :type "echo_ok"}
2023-02-25 12:18:29,756{GMT}	INFO	[jepsen worker 0] jepsen.util: 0	:invoke	:echo	"Please echo 98"
2023-02-25 12:18:29,759{GMT}	INFO	[jepsen worker 0] jepsen.util: 0	:ok	:echo	{:echo "Please echo 98", :in_reply_to 6, :msg_id 6, :type "echo_ok"}
2023-02-25 12:18:30,146{GMT}	INFO	[jepsen worker 0] jepsen.util: 0	:invoke	:echo	"Please echo 9"
2023-02-25 12:18:30,149{GMT}	INFO	[jepsen worker 0] jepsen.util: 0	:ok	:echo	{:echo "Please echo 9", :in_reply_to 7, :msg_id 7, :type "echo_ok"}
2023-02-25 12:18:30,403{GMT}	INFO	[jepsen worker 0] jepsen.util: 0	:invoke	:echo	"Please echo 116"
2023-02-25 12:18:30,406{GMT}	INFO	[jepsen worker 0] jepsen.util: 0	:ok	:echo	{:echo "Please echo 116", :in_reply_to 8, :msg_id 8, :type "echo_ok"}
2023-02-25 12:18:30,628{GMT}	INFO	[jepsen worker 0] jepsen.util: 0	:invoke	:echo	"Please echo 77"
2023-02-25 12:18:30,631{GMT}	INFO	[jepsen worker 0] jepsen.util: 0	:ok	:echo	{:echo "Please echo 77", :in_reply_to 9, :msg_id 9, :type "echo_ok"}
2023-02-25 12:18:30,915{GMT}	INFO	[jepsen worker 0] jepsen.util: 0	:invoke	:echo	"Please echo 30"
2023-02-25 12:18:30,918{GMT}	INFO	[jepsen worker 0] jepsen.util: 0	:ok	:echo	{:echo "Please echo 30", :in_reply_to 10, :msg_id 10, :type "echo_ok"}
2023-02-25 12:18:30,987{GMT}	INFO	[jepsen worker 0] jepsen.util: 0	:invoke	:echo	"Please echo 95"
2023-02-25 12:18:30,990{GMT}	INFO	[jepsen worker 0] jepsen.util: 0	:ok	:echo	{:echo "Please echo 95", :in_reply_to 11, :msg_id 11, :type "echo_ok"}
2023-02-25 12:18:31,332{GMT}	INFO	[jepsen worker 0] jepsen.util: 0	:invoke	:echo	"Please echo 53"
2023-02-25 12:18:31,335{GMT}	INFO	[jepsen worker 0] jepsen.util: 0	:ok	:echo	{:echo "Please echo 53", :in_reply_to 12, :msg_id 12, :type "echo_ok"}
2023-02-25 12:18:31,522{GMT}	INFO	[jepsen worker 0] jepsen.util: 0	:invoke	:echo	"Please echo 53"
2023-02-25 12:18:31,525{GMT}	INFO	[jepsen worker 0] jepsen.util: 0	:ok	:echo	{:echo "Please echo 53", :in_reply_to 13, :msg_id 13, :type "echo_ok"}
2023-02-25 12:18:31,809{GMT}	INFO	[jepsen worker 0] jepsen.util: 0	:invoke	:echo	"Please echo 37"
2023-02-25 12:18:31,812{GMT}	INFO	[jepsen worker 0] jepsen.util: 0	:ok	:echo	{:echo "Please echo 37", :in_reply_to 14, :msg_id 14, :type "echo_ok"}
2023-02-25 12:18:32,051{GMT}	INFO	[jepsen worker 0] jepsen.util: 0	:invoke	:echo	"Please echo 23"
2023-02-25 12:18:32,054{GMT}	INFO	[jepsen worker 0] jepsen.util: 0	:ok	:echo	{:echo "Please echo 23", :in_reply_to 15, :msg_id 15, :type "echo_ok"}
2023-02-25 12:18:32,144{GMT}	INFO	[jepsen worker 0] jepsen.util: 0	:invoke	:echo	"Please echo 20"
2023-02-25 12:18:32,147{GMT}	INFO	[jepsen worker 0] jepsen.util: 0	:ok	:echo	{:echo "Please echo 20", :in_reply_to 16, :msg_id 16, :type "echo_ok"}
2023-02-25 12:18:32,481{GMT}	INFO	[jepsen worker 0] jepsen.util: 0	:invoke	:echo	"Please echo 82"
2023-02-25 12:18:32,484{GMT}	INFO	[jepsen worker 0] jepsen.util: 0	:ok	:echo	{:echo "Please echo 82", :in_reply_to 17, :msg_id 17, :type "echo_ok"}
2023-02-25 12:18:32,638{GMT}	INFO	[jepsen worker 0] jepsen.util: 0	:invoke	:echo	"Please echo 71"
2023-02-25 12:18:32,640{GMT}	INFO	[jepsen worker 0] jepsen.util: 0	:ok	:echo	{:echo "Please echo 71", :in_reply_to 18, :msg_id 18, :type "echo_ok"}
2023-02-25 12:18:32,912{GMT}	INFO	[jepsen worker 0] jepsen.util: 0	:invoke	:echo	"Please echo 37"
2023-02-25 12:18:32,915{GMT}	INFO	[jepsen worker 0] jepsen.util: 0	:ok	:echo	{:echo "Please echo 37", :in_reply_to 19, :msg_id 19, :type "echo_ok"}
2023-02-25 12:18:33,262{GMT}	INFO	[jepsen worker 0] jepsen.util: 0	:invoke	:echo	"Please echo 63"
2023-02-25 12:18:33,264{GMT}	INFO	[jepsen worker 0] jepsen.util: 0	:ok	:echo	{:echo "Please echo 63", :in_reply_to 20, :msg_id 20, :type "echo_ok"}
2023-02-25 12:18:33,414{GMT}	INFO	[jepsen worker 0] jepsen.util: 0	:invoke	:echo	"Please echo 115"
2023-02-25 12:18:33,417{GMT}	INFO	[jepsen worker 0] jepsen.util: 0	:ok	:echo	{:echo "Please echo 115", :in_reply_to 21, :msg_id 21, :type "echo_ok"}
2023-02-25 12:18:33,583{GMT}	INFO	[jepsen worker 0] jepsen.util: 0	:invoke	:echo	"Please echo 88"
2023-02-25 12:18:33,586{GMT}	INFO	[jepsen worker 0] jepsen.util: 0	:ok	:echo	{:echo "Please echo 88", :in_reply_to 22, :msg_id 22, :type "echo_ok"}
2023-02-25 12:18:33,652{GMT}	INFO	[jepsen worker 0] jepsen.util: 0	:invoke	:echo	"Please echo 22"
2023-02-25 12:18:33,654{GMT}	INFO	[jepsen worker 0] jepsen.util: 0	:ok	:echo	{:echo "Please echo 22", :in_reply_to 23, :msg_id 23, :type "echo_ok"}
2023-02-25 12:18:33,891{GMT}	INFO	[jepsen worker 0] jepsen.util: 0	:invoke	:echo	"Please echo 19"
2023-02-25 12:18:33,893{GMT}	INFO	[jepsen worker 0] jepsen.util: 0	:ok	:echo	{:echo "Please echo 19", :in_reply_to 24, :msg_id 24, :type "echo_ok"}
2023-02-25 12:18:33,935{GMT}	INFO	[jepsen worker 0] jepsen.util: 0	:invoke	:echo	"Please echo 90"
2023-02-25 12:18:33,938{GMT}	INFO	[jepsen worker 0] jepsen.util: 0	:ok	:echo	{:echo "Please echo 90", :in_reply_to 25, :msg_id 25, :type "echo_ok"}
2023-02-25 12:18:34,278{GMT}	INFO	[jepsen worker 0] jepsen.util: 0	:invoke	:echo	"Please echo 90"
2023-02-25 12:18:34,280{GMT}	INFO	[jepsen worker 0] jepsen.util: 0	:ok	:echo	{:echo "Please echo 90", :in_reply_to 26, :msg_id 26, :type "echo_ok"}
2023-02-25 12:18:34,578{GMT}	INFO	[jepsen worker 0] jepsen.util: 0	:invoke	:echo	"Please echo 95"
2023-02-25 12:18:34,580{GMT}	INFO	[jepsen worker 0] jepsen.util: 0	:ok	:echo	{:echo "Please echo 95", :in_reply_to 27, :msg_id 27, :type "echo_ok"}
2023-02-25 12:18:34,582{GMT}	INFO	[jepsen worker 0] jepsen.util: 0	:invoke	:echo	"Please echo 66"
2023-02-25 12:18:34,584{GMT}	INFO	[jepsen worker 0] jepsen.util: 0	:ok	:echo	{:echo "Please echo 66", :in_reply_to 28, :msg_id 28, :type "echo_ok"}
2023-02-25 12:18:34,902{GMT}	INFO	[jepsen worker 0] jepsen.util: 0	:invoke	:echo	"Please echo 19"
2023-02-25 12:18:34,905{GMT}	INFO	[jepsen worker 0] jepsen.util: 0	:ok	:echo	{:echo "Please echo 19", :in_reply_to 29, :msg_id 29, :type "echo_ok"}
2023-02-25 12:18:35,155{GMT}	INFO	[jepsen worker 0] jepsen.util: 0	:invoke	:echo	"Please echo 114"
2023-02-25 12:18:35,156{GMT}	INFO	[jepsen worker 0] jepsen.util: 0	:ok	:echo	{:echo "Please echo 114", :in_reply_to 30, :msg_id 30, :type "echo_ok"}
2023-02-25 12:18:35,360{GMT}	INFO	[jepsen worker 0] jepsen.util: 0	:invoke	:echo	"Please echo 17"
2023-02-25 12:18:35,362{GMT}	INFO	[jepsen worker 0] jepsen.util: 0	:ok	:echo	{:echo "Please echo 17", :in_reply_to 31, :msg_id 31, :type "echo_ok"}
2023-02-25 12:18:35,425{GMT}	INFO	[jepsen worker 0] jepsen.util: 0	:invoke	:echo	"Please echo 48"
2023-02-25 12:18:35,428{GMT}	INFO	[jepsen worker 0] jepsen.util: 0	:ok	:echo	{:echo "Please echo 48", :in_reply_to 32, :msg_id 32, :type "echo_ok"}
2023-02-25 12:18:35,605{GMT}	INFO	[jepsen worker 0] jepsen.util: 0	:invoke	:echo	"Please echo 106"
2023-02-25 12:18:35,607{GMT}	INFO	[jepsen worker 0] jepsen.util: 0	:ok	:echo	{:echo "Please echo 106", :in_reply_to 33, :msg_id 33, :type "echo_ok"}
2023-02-25 12:18:35,733{GMT}	INFO	[jepsen worker 0] jepsen.util: 0	:invoke	:echo	"Please echo 41"
2023-02-25 12:18:35,735{GMT}	INFO	[jepsen worker 0] jepsen.util: 0	:ok	:echo	{:echo "Please echo 41", :in_reply_to 34, :msg_id 34, :type "echo_ok"}
2023-02-25 12:18:35,822{GMT}	INFO	[jepsen worker 0] jepsen.util: 0	:invoke	:echo	"Please echo 104"
2023-02-25 12:18:35,825{GMT}	INFO	[jepsen worker 0] jepsen.util: 0	:ok	:echo	{:echo "Please echo 104", :in_reply_to 35, :msg_id 35, :type "echo_ok"}
2023-02-25 12:18:36,082{GMT}	INFO	[jepsen worker 0] jepsen.util: 0	:invoke	:echo	"Please echo 71"
2023-02-25 12:18:36,084{GMT}	INFO	[jepsen worker 0] jepsen.util: 0	:ok	:echo	{:echo "Please echo 71", :in_reply_to 36, :msg_id 36, :type "echo_ok"}
2023-02-25 12:18:36,426{GMT}	INFO	[jepsen worker 0] jepsen.util: 0	:invoke	:echo	"Please echo 101"
2023-02-25 12:18:36,429{GMT}	INFO	[jepsen worker 0] jepsen.util: 0	:ok	:echo	{:echo "Please echo 101", :in_reply_to 37, :msg_id 37, :type "echo_ok"}
2023-02-25 12:18:36,492{GMT}	INFO	[jepsen worker 0] jepsen.util: 0	:invoke	:echo	"Please echo 59"
2023-02-25 12:18:36,494{GMT}	INFO	[jepsen worker 0] jepsen.util: 0	:ok	:echo	{:echo "Please echo 59", :in_reply_to 38, :msg_id 38, :type "echo_ok"}
2023-02-25 12:18:36,699{GMT}	INFO	[jepsen worker 0] jepsen.util: 0	:invoke	:echo	"Please echo 31"
2023-02-25 12:18:36,702{GMT}	INFO	[jepsen worker 0] jepsen.util: 0	:ok	:echo	{:echo "Please echo 31", :in_reply_to 39, :msg_id 39, :type "echo_ok"}
2023-02-25 12:18:36,880{GMT}	INFO	[jepsen worker 0] jepsen.util: 0	:invoke	:echo	"Please echo 0"
2023-02-25 12:18:36,883{GMT}	INFO	[jepsen worker 0] jepsen.util: 0	:ok	:echo	{:echo "Please echo 0", :in_reply_to 40, :msg_id 40, :type "echo_ok"}
2023-02-25 12:18:37,114{GMT}	INFO	[jepsen worker 0] jepsen.util: 0	:invoke	:echo	"Please echo 104"
2023-02-25 12:18:37,117{GMT}	INFO	[jepsen worker 0] jepsen.util: 0	:ok	:echo	{:echo "Please echo 104", :in_reply_to 41, :msg_id 41, :type "echo_ok"}
2023-02-25 12:18:37,450{GMT}	INFO	[jepsen worker 0] jepsen.util: 0	:invoke	:echo	"Please echo 83"
2023-02-25 12:18:37,452{GMT}	INFO	[jepsen worker 0] jepsen.util: 0	:ok	:echo	{:echo "Please echo 83", :in_reply_to 42, :msg_id 42, :type "echo_ok"}
2023-02-25 12:18:37,639{GMT}	INFO	[jepsen worker 0] jepsen.util: 0	:invoke	:echo	"Please echo 64"
2023-02-25 12:18:37,641{GMT}	INFO	[jepsen worker 0] jepsen.util: 0	:ok	:echo	{:echo "Please echo 64", :in_reply_to 43, :msg_id 43, :type "echo_ok"}
2023-02-25 12:18:38,028{GMT}	INFO	[jepsen worker 0] jepsen.util: 0	:invoke	:echo	"Please echo 7"
2023-02-25 12:18:38,031{GMT}	INFO	[jepsen worker 0] jepsen.util: 0	:ok	:echo	{:echo "Please echo 7", :in_reply_to 44, :msg_id 44, :type "echo_ok"}
2023-02-25 12:18:38,344{GMT}	INFO	[jepsen worker 0] jepsen.util: 0	:invoke	:echo	"Please echo 28"
2023-02-25 12:18:38,347{GMT}	INFO	[jepsen worker 0] jepsen.util: 0	:ok	:echo	{:echo "Please echo 28", :in_reply_to 45, :msg_id 45, :type "echo_ok"}
2023-02-25 12:18:38,381{GMT}	INFO	[jepsen test runner] jepsen.core: Run complete, writing
2023-02-25 12:18:38,415{GMT}	INFO	[jepsen node n0] maelstrom.db: Tearing down n0
2023-02-25 12:18:39,405{GMT}	INFO	[jepsen node n0] maelstrom.net: Shutting down Maelstrom network
2023-02-25 12:18:39,407{GMT}	INFO	[jepsen test runner] jepsen.core: Analyzing...
2023-02-25 12:18:39,538{GMT}	INFO	[jepsen test runner] jepsen.core: Analysis complete
2023-02-25 12:18:39,544{GMT}	INFO	[jepsen results] jepsen.store: Wrote /home/ryanpbrewster/rpb/maelstrom/maelstrom/store/echo/20230225T121826.954-0500/results.edn
2023-02-25 12:18:39,555{GMT}	INFO	[jepsen test runner] jepsen.core: {:perf {:latency-graph {:valid? true},
        :rate-graph {:valid? true},
        :valid? true},
 :timeline {:valid? true},
 :exceptions {:valid? true},
 :stats {:valid? true,
         :count 45,
         :ok-count 45,
         :fail-count 0,
         :info-count 0,
         :by-f {:echo {:valid? true,
                       :count 45,
                       :ok-count 45,
                       :fail-count 0,
                       :info-count 0}}},
 :availability {:valid? true, :ok-fraction 1.0},
 :net {:all {:send-count 92,
             :recv-count 92,
             :msg-count 92,
             :msgs-per-op 2.0444446},
       :clients {:send-count 92, :recv-count 92, :msg-count 92},
       :servers {:send-count 0,
                 :recv-count 0,
                 :msg-count 0,
                 :msgs-per-op 0.0},
       :valid? true},
 :workload {:valid? true, :errors ()},
 :valid? true}


Everything looks good! ヽ(‘ー`)ノ
