2023-02-25 12:26:45,821{GMT}	INFO	[jepsen test runner] jepsen.core: Test version e8329a60043c1d04d0f6ed3fb0e7f65e6f8411d9 (plus uncommitted changes)
2023-02-25 12:26:45,822{GMT}	INFO	[jepsen test runner] jepsen.core: Command line:
lein run test -w unique-ids --bin ../unique-ids/main --time-limit 30 --rate 1000 --node-count 3 --availability total --nemesis partition
2023-02-25 12:26:45,867{GMT}	INFO	[jepsen test runner] jepsen.core: Running test:
{:args []
 :remote
 #jepsen.control.retry.Remote{:remote #jepsen.control.scp.Remote{:cmd-remote #jepsen.control.sshj.SSHJRemote{:concurrency-limit 6,
                                                                                                             :conn-spec nil,
                                                                                                             :client nil,
                                                                                                             :semaphore nil},
                                                                 :conn-spec nil},
                              :conn nil}
 :log-net-send false
 :node-count 3
 :availability :total
 :max-txn-length 4
 :concurrency 3
 :db
 #object[maelstrom.db$db$reify__16142
         "0x207fce87"
         "maelstrom.db$db$reify__16142@207fce87"]
 :max-writes-per-key 16
 :leave-db-running? false
 :name "unique-ids"
 :logging-json? false
 :start-time
 #object[org.joda.time.DateTime "0x43a8dd9b" "2023-02-25T12:26:45.809-05:00"]
 :nemesis-interval 10
 :net
 #object[maelstrom.net$jepsen_net$reify__15251
         "0x1c7159d5"
         "maelstrom.net$jepsen_net$reify__15251@1c7159d5"]
 :client
 #object[maelstrom.workload.unique_ids$client$reify__20074
         "0x62cad0e8"
         "maelstrom.workload.unique_ids$client$reify__20074@62cad0e8"]
 :barrier
 #object[java.util.concurrent.CyclicBarrier
         "0x1659a0ff"
         "java.util.concurrent.CyclicBarrier@1659a0ff"]
 :log-stderr false
 :pure-generators true
 :ssh {:dummy? true}
 :rate 1000.0
 :checker
 #object[jepsen.checker$compose$reify__11881
         "0x1398e3aa"
         "jepsen.checker$compose$reify__11881@1398e3aa"]
 :argv
 ("test"
  "-w"
  "unique-ids"
  "--bin"
  "../unique-ids/main"
  "--time-limit"
  "30"
  "--rate"
  "1000"
  "--node-count"
  "3"
  "--availability"
  "total"
  "--nemesis"
  "partition")
 :nemesis
 (jepsen.nemesis.ReflCompose
  {:fm {:start-partition 0,
        :stop-partition 0,
        :kill 1,
        :start 1,
        :pause 1,
        :resume 1},
   :nemeses [#unprintable "jepsen.nemesis.combined$partition_nemesis$reify__16416@531bffd"
             #unprintable "jepsen.nemesis.combined$db_nemesis$reify__16397@31c87223"]})
 :nodes ["n0" "n1" "n2"]
 :test-count 1
 :latency {:mean 0, :dist :constant}
 :bin "../unique-ids/main"
 :generator
 (jepsen.generator.TimeLimit
  {:limit 30000000000,
   :cutoff nil,
   :gen (jepsen.generator.Any
         {:gens [(jepsen.generator.OnThreads
                  {:f #{:nemesis},
                   :context-filter #object[jepsen.generator.context$make_thread_filter$lazy_filter__9167
                                           "0x66227940"
                                           "jepsen.generator.context$make_thread_filter$lazy_filter__9167@66227940"],
                   :gen (jepsen.generator.Stagger
                         {:dt 20000000000,
                          :next-time nil,
                          :gen (jepsen.generator.FlipFlop
                                {:gens [#object[jepsen.nemesis.combined$partition_package$start__16420
                                                "0xba76911"
                                                "jepsen.nemesis.combined$partition_package$start__16420@ba76911"]
                                        ({:type :info,
                                          :f :stop-partition,
                                          :value nil}
                                         {:type :info,
                                          :f :stop-partition,
                                          :value nil}
                                         {:type :info,
                                          :f :stop-partition,
                                          :value nil}
                                         {:type :info,
                                          :f :stop-partition,
                                          :value nil}
                                         {:type :info,
                                          :f :stop-partition,
                                          :value nil}
                                         {:type :info,
                                          :f :stop-partition,
                                          :value nil}
                                         {:type :info,
                                          :f :stop-partition,
                                          :value nil}
                                         {:type :info,
                                          :f :stop-partition,
                                          :value nil}
                                         ...)],
                                 :i 0})})})
                 (jepsen.generator.OnThreads
                  {:f #jepsen.generator.context.AllBut{:element :nemesis},
                   :context-filter #object[jepsen.generator.context$make_thread_filter$lazy_filter__9167
                                           "0x1a0b51e7"
                                           "jepsen.generator.context$make_thread_filter$lazy_filter__9167@1a0b51e7"],
                   :gen (jepsen.generator.Stagger
                         {:dt 2000000,
                          :next-time nil,
                          :gen (jepsen.generator.Repeat
                                {:remaining -1, :gen {:f :generate}})})})]})})
 :log-net-recv false
 :os
 #object[maelstrom.net$jepsen_os$reify__15254
         "0x6f96d39f"
         "maelstrom.net$jepsen_os$reify__15254@6f96d39f"]
 :time-limit 30
 :workload :unique-ids
 :consistency-models [:strict-serializable]
 :topology :grid}

2023-02-25 12:26:47,246{GMT}	INFO	[jepsen node n0] maelstrom.net: Starting Maelstrom network
2023-02-25 12:26:47,247{GMT}	INFO	[jepsen test runner] jepsen.db: Tearing down DB
2023-02-25 12:26:47,248{GMT}	INFO	[jepsen test runner] jepsen.db: Setting up DB
2023-02-25 12:26:47,249{GMT}	INFO	[jepsen node n2] maelstrom.db: Setting up n2
2023-02-25 12:26:47,249{GMT}	INFO	[jepsen node n1] maelstrom.db: Setting up n1
2023-02-25 12:26:47,249{GMT}	INFO	[jepsen node n2] maelstrom.process: launching ../unique-ids/main []
2023-02-25 12:26:47,249{GMT}	INFO	[jepsen node n1] maelstrom.process: launching ../unique-ids/main []
2023-02-25 12:26:47,250{GMT}	INFO	[jepsen node n0] maelstrom.service: Starting services: (lin-kv lin-tso lww-kv seq-kv)
2023-02-25 12:26:47,261{GMT}	INFO	[jepsen node n0] maelstrom.db: Setting up n0
2023-02-25 12:26:47,262{GMT}	INFO	[jepsen node n0] maelstrom.process: launching ../unique-ids/main []
2023-02-25 12:26:47,280{GMT}	INFO	[jepsen test runner] jepsen.core: Relative time begins now
2023-02-25 12:26:47,294{GMT}	INFO	[jepsen worker nemesis] jepsen.util: :nemesis	:info	:start-partition	:one
2023-02-25 12:26:47,294{GMT}	INFO	[jepsen worker 1] jepsen.util: 1	:invoke	:generate	nil
2023-02-25 12:26:47,295{GMT}	INFO	[jepsen worker 2] jepsen.util: 2	:invoke	:generate	nil
2023-02-25 12:26:47,296{GMT}	INFO	[jepsen worker 0] jepsen.util: 0	:invoke	:generate	nil
2023-02-25 12:26:47,328{GMT}	INFO	[jepsen worker nemesis] jepsen.util: :nemesis	:info	:start-partition	[:isolated {"n1" #{"n2" "n0"}, "n2" #{"n1"}, "n0" #{"n1"}}]
2023-02-25 12:26:52,298{GMT}	INFO	[jepsen worker 0] jepsen.util: 0	:info	:generate	nil	:net-timeout
2023-02-25 12:26:52,299{GMT}	INFO	[jepsen worker 0] jepsen.util: 3	:invoke	:generate	nil
2023-02-25 12:26:52,298{GMT}	INFO	[jepsen worker 1] jepsen.util: 1	:info	:generate	nil	:net-timeout
2023-02-25 12:26:52,301{GMT}	INFO	[jepsen worker 1] jepsen.util: 4	:invoke	:generate	nil
2023-02-25 12:26:52,304{GMT}	INFO	[jepsen worker 2] jepsen.util: 2	:info	:generate	nil	:net-timeout
2023-02-25 12:26:52,304{GMT}	INFO	[jepsen worker 2] jepsen.util: 5	:invoke	:generate	nil
2023-02-25 12:26:57,300{GMT}	INFO	[jepsen worker 0] jepsen.util: 3	:info	:generate	nil	:net-timeout
2023-02-25 12:26:57,311{GMT}	INFO	[jepsen worker 0] jepsen.util: 6	:invoke	:generate	nil
2023-02-25 12:26:57,301{GMT}	INFO	[jepsen worker 1] jepsen.util: 4	:info	:generate	nil	:net-timeout
2023-02-25 12:26:57,304{GMT}	INFO	[jepsen worker 2] jepsen.util: 5	:info	:generate	nil	:net-timeout
2023-02-25 12:26:57,313{GMT}	INFO	[jepsen worker 1] jepsen.util: 7	:invoke	:generate	nil
2023-02-25 12:26:57,313{GMT}	INFO	[jepsen worker 2] jepsen.util: 8	:invoke	:generate	nil
2023-02-25 12:26:57,970{GMT}	INFO	[Jepsen shutdown hook] jepsen.core: Downloading DB logs before JVM shutdown...
