2023-02-25 12:17:13,545{GMT}	INFO	[jepsen test runner] jepsen.core: Command line:
lein run test -w echo --bin ../echo/main --node-count 1 --time-limit 10
2023-02-25 12:17:13,588{GMT}	INFO	[jepsen test runner] jepsen.core: Running test:
{:args []
 :remote
 #jepsen.control.retry.Remote{:remote #jepsen.control.scp.Remote{:cmd-remote #jepsen.control.sshj.SSHJRemote{:concurrency-limit 6,
                                                                                                             :conn-spec nil,
                                                                                                             :client nil,
                                                                                                             :semaphore nil},
                                                                 :conn-spec nil},
                              :conn nil}
 :log-net-send false
 :node-count 1
 :availability nil
 :max-txn-length 4
 :concurrency 1
 :db
 #object[maelstrom.db$db$reify__16142
         "0x67171221"
         "maelstrom.db$db$reify__16142@67171221"]
 :max-writes-per-key 16
 :leave-db-running? false
 :name "echo"
 :logging-json? false
 :start-time
 #object[org.joda.time.DateTime "0x1c7159d5" "2023-02-25T12:17:13.532-05:00"]
 :nemesis-interval 10
 :net
 #object[maelstrom.net$jepsen_net$reify__15251
         "0x62cad0e8"
         "maelstrom.net$jepsen_net$reify__15251@62cad0e8"]
 :client
 #object[maelstrom.workload.echo$client$reify__16863
         "0x1659a0ff"
         "maelstrom.workload.echo$client$reify__16863@1659a0ff"]
 :barrier
 #object[java.util.concurrent.CyclicBarrier
         "0x1398e3aa"
         "java.util.concurrent.CyclicBarrier@1398e3aa"]
 :log-stderr false
 :pure-generators true
 :ssh {:dummy? true}
 :rate 5
 :checker
 #object[jepsen.checker$compose$reify__11881
         "0x531bffd"
         "jepsen.checker$compose$reify__11881@531bffd"]
 :argv
 ("test"
  "-w"
  "echo"
  "--bin"
  "../echo/main"
  "--node-count"
  "1"
  "--time-limit"
  "10")
 :nemesis
 (jepsen.nemesis.ReflCompose
  {:fm {:start-partition 0,
        :stop-partition 0,
        :kill 1,
        :start 1,
        :pause 1,
        :resume 1},
   :nemeses [#unprintable "jepsen.nemesis.combined$partition_nemesis$reify__16416@31c87223"
             #unprintable "jepsen.nemesis.combined$db_nemesis$reify__16397@6a4d72bd"]})
 :nodes ["n0"]
 :test-count 1
 :latency {:mean 0, :dist :constant}
 :bin "../echo/main"
 :generator
 (jepsen.generator.TimeLimit
  {:limit 10000000000,
   :cutoff nil,
   :gen (jepsen.generator.Any
         {:gens [(jepsen.generator.OnThreads
                  {:f #{:nemesis},
                   :context-filter #object[jepsen.generator.context$make_thread_filter$lazy_filter__9167
                                           "0xba76911"
                                           "jepsen.generator.context$make_thread_filter$lazy_filter__9167@ba76911"],
                   :gen nil})
                 (jepsen.generator.OnThreads
                  {:f #jepsen.generator.context.AllBut{:element :nemesis},
                   :context-filter #object[jepsen.generator.context$make_thread_filter$lazy_filter__9167
                                           "0xffb8f15"
                                           "jepsen.generator.context$make_thread_filter$lazy_filter__9167@ffb8f15"],
                   :gen (jepsen.generator.Stagger
                         {:dt 400000000,
                          :next-time nil,
                          :gen (jepsen.generator.EachThread
                                {:fresh-gen #object[maelstrom.workload.echo$workload$fn__16882
                                                    "0x1a0b51e7"
                                                    "maelstrom.workload.echo$workload$fn__16882@1a0b51e7"],
                                 :context-filters #object[clojure.core$promise$reify__8591
                                                          "0x6f96d39f"
                                                          {:status :pending,
                                                           :val nil}],
                                 :gens {}})})})]})})
 :log-net-recv false
 :os
 #object[maelstrom.net$jepsen_os$reify__15254
         "0x5f49c09d"
         "maelstrom.net$jepsen_os$reify__15254@5f49c09d"]
 :time-limit 10
 :workload :echo
 :consistency-models [:strict-serializable]
 :topology :grid}

2023-02-25 12:17:15,006{GMT}	INFO	[jepsen node n0] maelstrom.net: Starting Maelstrom network
2023-02-25 12:17:15,007{GMT}	INFO	[jepsen test runner] jepsen.db: Tearing down DB
2023-02-25 12:17:15,008{GMT}	INFO	[jepsen test runner] jepsen.db: Setting up DB
2023-02-25 12:17:15,010{GMT}	INFO	[jepsen node n0] maelstrom.service: Starting services: (lin-kv lin-tso lww-kv seq-kv)
2023-02-25 12:17:15,012{GMT}	INFO	[jepsen node n0] maelstrom.db: Setting up n0
2023-02-25 12:17:15,012{GMT}	INFO	[jepsen node n0] maelstrom.process: launching ../echo/main []
2023-02-25 12:17:15,025{GMT}	INFO	[jepsen test runner] jepsen.core: Relative time begins now
2023-02-25 12:17:15,036{GMT}	INFO	[jepsen worker 0] jepsen.util: 0	:invoke	:echo	"Please echo 119"
2023-02-25 12:17:15,042{GMT}	INFO	[jepsen worker 0] jepsen.util: 0	:ok	:echo	{:echo "Please echo 119", :in_reply_to 1, :msg_id 1, :type "echo_ok"}
2023-02-25 12:17:15,208{GMT}	INFO	[jepsen worker 0] jepsen.util: 0	:invoke	:echo	"Please echo 81"
2023-02-25 12:17:15,211{GMT}	INFO	[jepsen worker 0] jepsen.util: 0	:ok	:echo	{:echo "Please echo 81", :in_reply_to 2, :msg_id 2, :type "echo_ok"}
2023-02-25 12:17:15,455{GMT}	INFO	[jepsen worker 0] jepsen.util: 0	:invoke	:echo	"Please echo 17"
2023-02-25 12:17:15,458{GMT}	INFO	[jepsen worker 0] jepsen.util: 0	:ok	:echo	{:echo "Please echo 17", :in_reply_to 3, :msg_id 3, :type "echo_ok"}
2023-02-25 12:17:15,459{GMT}	INFO	[jepsen worker 0] jepsen.util: 0	:invoke	:echo	"Please echo 54"
2023-02-25 12:17:15,462{GMT}	INFO	[jepsen worker 0] jepsen.util: 0	:ok	:echo	{:echo "Please echo 54", :in_reply_to 4, :msg_id 4, :type "echo_ok"}
2023-02-25 12:17:15,577{GMT}	INFO	[jepsen worker 0] jepsen.util: 0	:invoke	:echo	"Please echo 49"
2023-02-25 12:17:15,580{GMT}	INFO	[jepsen worker 0] jepsen.util: 0	:ok	:echo	{:echo "Please echo 49", :in_reply_to 5, :msg_id 5, :type "echo_ok"}
2023-02-25 12:17:15,595{GMT}	INFO	[jepsen worker 0] jepsen.util: 0	:invoke	:echo	"Please echo 54"
2023-02-25 12:17:15,597{GMT}	INFO	[jepsen worker 0] jepsen.util: 0	:ok	:echo	{:echo "Please echo 54", :in_reply_to 6, :msg_id 6, :type "echo_ok"}
2023-02-25 12:17:15,753{GMT}	INFO	[jepsen worker 0] jepsen.util: 0	:invoke	:echo	"Please echo 106"
2023-02-25 12:17:15,756{GMT}	INFO	[jepsen worker 0] jepsen.util: 0	:ok	:echo	{:echo "Please echo 106", :in_reply_to 7, :msg_id 7, :type "echo_ok"}
2023-02-25 12:17:15,883{GMT}	INFO	[jepsen worker 0] jepsen.util: 0	:invoke	:echo	"Please echo 26"
2023-02-25 12:17:15,886{GMT}	INFO	[jepsen worker 0] jepsen.util: 0	:ok	:echo	{:echo "Please echo 26", :in_reply_to 8, :msg_id 8, :type "echo_ok"}
2023-02-25 12:17:16,080{GMT}	INFO	[jepsen worker 0] jepsen.util: 0	:invoke	:echo	"Please echo 126"
2023-02-25 12:17:16,083{GMT}	INFO	[jepsen worker 0] jepsen.util: 0	:ok	:echo	{:echo "Please echo 126", :in_reply_to 9, :msg_id 9, :type "echo_ok"}
2023-02-25 12:17:16,333{GMT}	INFO	[jepsen worker 0] jepsen.util: 0	:invoke	:echo	"Please echo 22"
2023-02-25 12:17:16,335{GMT}	INFO	[jepsen worker 0] jepsen.util: 0	:ok	:echo	{:echo "Please echo 22", :in_reply_to 10, :msg_id 10, :type "echo_ok"}
2023-02-25 12:17:16,685{GMT}	INFO	[jepsen worker 0] jepsen.util: 0	:invoke	:echo	"Please echo 0"
2023-02-25 12:17:16,688{GMT}	INFO	[jepsen worker 0] jepsen.util: 0	:ok	:echo	{:echo "Please echo 0", :in_reply_to 11, :msg_id 11, :type "echo_ok"}
2023-02-25 12:17:16,884{GMT}	INFO	[jepsen worker 0] jepsen.util: 0	:invoke	:echo	"Please echo 90"
2023-02-25 12:17:16,887{GMT}	INFO	[jepsen worker 0] jepsen.util: 0	:ok	:echo	{:echo "Please echo 90", :in_reply_to 12, :msg_id 12, :type "echo_ok"}
2023-02-25 12:17:16,933{GMT}	INFO	[jepsen worker 0] jepsen.util: 0	:invoke	:echo	"Please echo 27"
2023-02-25 12:17:16,936{GMT}	INFO	[jepsen worker 0] jepsen.util: 0	:ok	:echo	{:echo "Please echo 27", :in_reply_to 13, :msg_id 13, :type "echo_ok"}
2023-02-25 12:17:17,113{GMT}	INFO	[jepsen worker 0] jepsen.util: 0	:invoke	:echo	"Please echo 66"
2023-02-25 12:17:17,116{GMT}	INFO	[jepsen worker 0] jepsen.util: 0	:ok	:echo	{:echo "Please echo 66", :in_reply_to 14, :msg_id 14, :type "echo_ok"}
2023-02-25 12:17:17,191{GMT}	INFO	[jepsen worker 0] jepsen.util: 0	:invoke	:echo	"Please echo 43"
2023-02-25 12:17:17,194{GMT}	INFO	[jepsen worker 0] jepsen.util: 0	:ok	:echo	{:echo "Please echo 43", :in_reply_to 15, :msg_id 15, :type "echo_ok"}
2023-02-25 12:17:17,539{GMT}	INFO	[jepsen worker 0] jepsen.util: 0	:invoke	:echo	"Please echo 97"
2023-02-25 12:17:17,542{GMT}	INFO	[jepsen worker 0] jepsen.util: 0	:ok	:echo	{:echo "Please echo 97", :in_reply_to 16, :msg_id 16, :type "echo_ok"}
2023-02-25 12:17:17,690{GMT}	INFO	[jepsen worker 0] jepsen.util: 0	:invoke	:echo	"Please echo 108"
2023-02-25 12:17:17,693{GMT}	INFO	[jepsen worker 0] jepsen.util: 0	:ok	:echo	{:echo "Please echo 108", :in_reply_to 17, :msg_id 17, :type "echo_ok"}
2023-02-25 12:17:18,076{GMT}	INFO	[jepsen worker 0] jepsen.util: 0	:invoke	:echo	"Please echo 74"
2023-02-25 12:17:18,079{GMT}	INFO	[jepsen worker 0] jepsen.util: 0	:ok	:echo	{:echo "Please echo 74", :in_reply_to 18, :msg_id 18, :type "echo_ok"}
2023-02-25 12:17:18,449{GMT}	INFO	[jepsen worker 0] jepsen.util: 0	:invoke	:echo	"Please echo 35"
2023-02-25 12:17:18,451{GMT}	INFO	[jepsen worker 0] jepsen.util: 0	:ok	:echo	{:echo "Please echo 35", :in_reply_to 19, :msg_id 19, :type "echo_ok"}
2023-02-25 12:17:18,524{GMT}	INFO	[jepsen worker 0] jepsen.util: 0	:invoke	:echo	"Please echo 66"
2023-02-25 12:17:18,527{GMT}	INFO	[jepsen worker 0] jepsen.util: 0	:ok	:echo	{:echo "Please echo 66", :in_reply_to 20, :msg_id 20, :type "echo_ok"}
2023-02-25 12:17:18,669{GMT}	INFO	[jepsen worker 0] jepsen.util: 0	:invoke	:echo	"Please echo 124"
2023-02-25 12:17:18,671{GMT}	INFO	[jepsen worker 0] jepsen.util: 0	:ok	:echo	{:echo "Please echo 124", :in_reply_to 21, :msg_id 21, :type "echo_ok"}
2023-02-25 12:17:18,781{GMT}	INFO	[jepsen worker 0] jepsen.util: 0	:invoke	:echo	"Please echo 72"
2023-02-25 12:17:18,784{GMT}	INFO	[jepsen worker 0] jepsen.util: 0	:ok	:echo	{:echo "Please echo 72", :in_reply_to 22, :msg_id 22, :type "echo_ok"}
2023-02-25 12:17:18,946{GMT}	INFO	[jepsen worker 0] jepsen.util: 0	:invoke	:echo	"Please echo 70"
2023-02-25 12:17:18,949{GMT}	INFO	[jepsen worker 0] jepsen.util: 0	:ok	:echo	{:echo "Please echo 70", :in_reply_to 23, :msg_id 23, :type "echo_ok"}
2023-02-25 12:17:19,053{GMT}	INFO	[jepsen worker 0] jepsen.util: 0	:invoke	:echo	"Please echo 15"
2023-02-25 12:17:19,055{GMT}	INFO	[jepsen worker 0] jepsen.util: 0	:ok	:echo	{:echo "Please echo 15", :in_reply_to 24, :msg_id 24, :type "echo_ok"}
2023-02-25 12:17:19,117{GMT}	INFO	[jepsen worker 0] jepsen.util: 0	:invoke	:echo	"Please echo 61"
2023-02-25 12:17:19,120{GMT}	INFO	[jepsen worker 0] jepsen.util: 0	:ok	:echo	{:echo "Please echo 61", :in_reply_to 25, :msg_id 25, :type "echo_ok"}
2023-02-25 12:17:19,178{GMT}	INFO	[jepsen worker 0] jepsen.util: 0	:invoke	:echo	"Please echo 68"
2023-02-25 12:17:19,181{GMT}	INFO	[jepsen worker 0] jepsen.util: 0	:ok	:echo	{:echo "Please echo 68", :in_reply_to 26, :msg_id 26, :type "echo_ok"}
2023-02-25 12:17:19,306{GMT}	INFO	[jepsen worker 0] jepsen.util: 0	:invoke	:echo	"Please echo 20"
2023-02-25 12:17:19,309{GMT}	INFO	[jepsen worker 0] jepsen.util: 0	:ok	:echo	{:echo "Please echo 20", :in_reply_to 27, :msg_id 27, :type "echo_ok"}
2023-02-25 12:17:19,530{GMT}	INFO	[jepsen worker 0] jepsen.util: 0	:invoke	:echo	"Please echo 21"
2023-02-25 12:17:19,533{GMT}	INFO	[jepsen worker 0] jepsen.util: 0	:ok	:echo	{:echo "Please echo 21", :in_reply_to 28, :msg_id 28, :type "echo_ok"}
2023-02-25 12:17:19,736{GMT}	INFO	[jepsen worker 0] jepsen.util: 0	:invoke	:echo	"Please echo 113"
2023-02-25 12:17:19,738{GMT}	INFO	[jepsen worker 0] jepsen.util: 0	:ok	:echo	{:echo "Please echo 113", :in_reply_to 29, :msg_id 29, :type "echo_ok"}
2023-02-25 12:17:19,924{GMT}	INFO	[jepsen worker 0] jepsen.util: 0	:invoke	:echo	"Please echo 62"
2023-02-25 12:17:19,927{GMT}	INFO	[jepsen worker 0] jepsen.util: 0	:ok	:echo	{:echo "Please echo 62", :in_reply_to 30, :msg_id 30, :type "echo_ok"}
2023-02-25 12:17:20,133{GMT}	INFO	[jepsen worker 0] jepsen.util: 0	:invoke	:echo	"Please echo 10"
2023-02-25 12:17:20,136{GMT}	INFO	[jepsen worker 0] jepsen.util: 0	:ok	:echo	{:echo "Please echo 10", :in_reply_to 31, :msg_id 31, :type "echo_ok"}
2023-02-25 12:17:20,181{GMT}	INFO	[jepsen worker 0] jepsen.util: 0	:invoke	:echo	"Please echo 83"
2023-02-25 12:17:20,183{GMT}	INFO	[jepsen worker 0] jepsen.util: 0	:ok	:echo	{:echo "Please echo 83", :in_reply_to 32, :msg_id 32, :type "echo_ok"}
2023-02-25 12:17:20,388{GMT}	INFO	[jepsen worker 0] jepsen.util: 0	:invoke	:echo	"Please echo 3"
2023-02-25 12:17:20,391{GMT}	INFO	[jepsen worker 0] jepsen.util: 0	:ok	:echo	{:echo "Please echo 3", :in_reply_to 33, :msg_id 33, :type "echo_ok"}
2023-02-25 12:17:20,559{GMT}	INFO	[jepsen worker 0] jepsen.util: 0	:invoke	:echo	"Please echo 101"
2023-02-25 12:17:20,562{GMT}	INFO	[jepsen worker 0] jepsen.util: 0	:ok	:echo	{:echo "Please echo 101", :in_reply_to 34, :msg_id 34, :type "echo_ok"}
2023-02-25 12:17:20,580{GMT}	INFO	[jepsen worker 0] jepsen.util: 0	:invoke	:echo	"Please echo 16"
2023-02-25 12:17:20,582{GMT}	INFO	[jepsen worker 0] jepsen.util: 0	:ok	:echo	{:echo "Please echo 16", :in_reply_to 35, :msg_id 35, :type "echo_ok"}
2023-02-25 12:17:20,902{GMT}	INFO	[jepsen worker 0] jepsen.util: 0	:invoke	:echo	"Please echo 122"
2023-02-25 12:17:20,905{GMT}	INFO	[jepsen worker 0] jepsen.util: 0	:ok	:echo	{:echo "Please echo 122", :in_reply_to 36, :msg_id 36, :type "echo_ok"}
2023-02-25 12:17:21,283{GMT}	INFO	[jepsen worker 0] jepsen.util: 0	:invoke	:echo	"Please echo 125"
2023-02-25 12:17:21,286{GMT}	INFO	[jepsen worker 0] jepsen.util: 0	:ok	:echo	{:echo "Please echo 125", :in_reply_to 37, :msg_id 37, :type "echo_ok"}
2023-02-25 12:17:21,591{GMT}	INFO	[jepsen worker 0] jepsen.util: 0	:invoke	:echo	"Please echo 42"
2023-02-25 12:17:21,594{GMT}	INFO	[jepsen worker 0] jepsen.util: 0	:ok	:echo	{:echo "Please echo 42", :in_reply_to 38, :msg_id 38, :type "echo_ok"}
2023-02-25 12:17:21,791{GMT}	INFO	[jepsen worker 0] jepsen.util: 0	:invoke	:echo	"Please echo 86"
2023-02-25 12:17:21,794{GMT}	INFO	[jepsen worker 0] jepsen.util: 0	:ok	:echo	{:echo "Please echo 86", :in_reply_to 39, :msg_id 39, :type "echo_ok"}
2023-02-25 12:17:22,108{GMT}	INFO	[jepsen worker 0] jepsen.util: 0	:invoke	:echo	"Please echo 16"
2023-02-25 12:17:22,111{GMT}	INFO	[jepsen worker 0] jepsen.util: 0	:ok	:echo	{:echo "Please echo 16", :in_reply_to 40, :msg_id 40, :type "echo_ok"}
2023-02-25 12:17:22,149{GMT}	INFO	[jepsen worker 0] jepsen.util: 0	:invoke	:echo	"Please echo 50"
2023-02-25 12:17:22,152{GMT}	INFO	[jepsen worker 0] jepsen.util: 0	:ok	:echo	{:echo "Please echo 50", :in_reply_to 41, :msg_id 41, :type "echo_ok"}
2023-02-25 12:17:22,497{GMT}	INFO	[jepsen worker 0] jepsen.util: 0	:invoke	:echo	"Please echo 17"
2023-02-25 12:17:22,500{GMT}	INFO	[jepsen worker 0] jepsen.util: 0	:ok	:echo	{:echo "Please echo 17", :in_reply_to 42, :msg_id 42, :type "echo_ok"}
2023-02-25 12:17:22,617{GMT}	INFO	[jepsen worker 0] jepsen.util: 0	:invoke	:echo	"Please echo 30"
2023-02-25 12:17:22,620{GMT}	INFO	[jepsen worker 0] jepsen.util: 0	:ok	:echo	{:echo "Please echo 30", :in_reply_to 43, :msg_id 43, :type "echo_ok"}
2023-02-25 12:17:22,877{GMT}	INFO	[jepsen worker 0] jepsen.util: 0	:invoke	:echo	"Please echo 71"
2023-02-25 12:17:22,879{GMT}	INFO	[jepsen worker 0] jepsen.util: 0	:ok	:echo	{:echo "Please echo 71", :in_reply_to 44, :msg_id 44, :type "echo_ok"}
2023-02-25 12:17:22,963{GMT}	INFO	[jepsen worker 0] jepsen.util: 0	:invoke	:echo	"Please echo 106"
2023-02-25 12:17:22,966{GMT}	INFO	[jepsen worker 0] jepsen.util: 0	:ok	:echo	{:echo "Please echo 106", :in_reply_to 45, :msg_id 45, :type "echo_ok"}
2023-02-25 12:17:23,160{GMT}	INFO	[jepsen worker 0] jepsen.util: 0	:invoke	:echo	"Please echo 39"
2023-02-25 12:17:23,162{GMT}	INFO	[jepsen worker 0] jepsen.util: 0	:ok	:echo	{:echo "Please echo 39", :in_reply_to 46, :msg_id 46, :type "echo_ok"}
2023-02-25 12:17:23,433{GMT}	INFO	[jepsen worker 0] jepsen.util: 0	:invoke	:echo	"Please echo 12"
2023-02-25 12:17:23,436{GMT}	INFO	[jepsen worker 0] jepsen.util: 0	:ok	:echo	{:echo "Please echo 12", :in_reply_to 47, :msg_id 47, :type "echo_ok"}
2023-02-25 12:17:23,677{GMT}	INFO	[jepsen worker 0] jepsen.util: 0	:invoke	:echo	"Please echo 86"
2023-02-25 12:17:23,680{GMT}	INFO	[jepsen worker 0] jepsen.util: 0	:ok	:echo	{:echo "Please echo 86", :in_reply_to 48, :msg_id 48, :type "echo_ok"}
2023-02-25 12:17:24,051{GMT}	INFO	[jepsen worker 0] jepsen.util: 0	:invoke	:echo	"Please echo 8"
2023-02-25 12:17:24,053{GMT}	INFO	[jepsen worker 0] jepsen.util: 0	:ok	:echo	{:echo "Please echo 8", :in_reply_to 49, :msg_id 49, :type "echo_ok"}
2023-02-25 12:17:24,241{GMT}	INFO	[jepsen worker 0] jepsen.util: 0	:invoke	:echo	"Please echo 53"
2023-02-25 12:17:24,244{GMT}	INFO	[jepsen worker 0] jepsen.util: 0	:ok	:echo	{:echo "Please echo 53", :in_reply_to 50, :msg_id 50, :type "echo_ok"}
2023-02-25 12:17:24,350{GMT}	INFO	[jepsen worker 0] jepsen.util: 0	:invoke	:echo	"Please echo 61"
2023-02-25 12:17:24,352{GMT}	INFO	[jepsen worker 0] jepsen.util: 0	:ok	:echo	{:echo "Please echo 61", :in_reply_to 51, :msg_id 51, :type "echo_ok"}
2023-02-25 12:17:24,662{GMT}	INFO	[jepsen worker 0] jepsen.util: 0	:invoke	:echo	"Please echo 53"
2023-02-25 12:17:24,664{GMT}	INFO	[jepsen worker 0] jepsen.util: 0	:ok	:echo	{:echo "Please echo 53", :in_reply_to 52, :msg_id 52, :type "echo_ok"}
2023-02-25 12:17:24,804{GMT}	INFO	[jepsen worker 0] jepsen.util: 0	:invoke	:echo	"Please echo 34"
2023-02-25 12:17:24,806{GMT}	INFO	[jepsen worker 0] jepsen.util: 0	:ok	:echo	{:echo "Please echo 34", :in_reply_to 53, :msg_id 53, :type "echo_ok"}
2023-02-25 12:17:24,830{GMT}	INFO	[jepsen test runner] jepsen.core: Run complete, writing
2023-02-25 12:17:24,857{GMT}	INFO	[jepsen node n0] maelstrom.db: Tearing down n0
2023-02-25 12:17:26,017{GMT}	INFO	[jepsen node n0] maelstrom.net: Shutting down Maelstrom network
2023-02-25 12:17:26,019{GMT}	INFO	[jepsen test runner] jepsen.core: Analyzing...
2023-02-25 12:17:26,165{GMT}	INFO	[jepsen test runner] jepsen.core: Analysis complete
2023-02-25 12:17:26,172{GMT}	INFO	[jepsen results] jepsen.store: Wrote /home/ryanpbrewster/rpb/maelstrom/maelstrom/store/echo/20230225T121713.532-0500/results.edn
2023-02-25 12:17:26,178{GMT}	INFO	[jepsen test runner] jepsen.core: {:perf {:latency-graph {:valid? true},
        :rate-graph {:valid? true},
        :valid? true},
 :timeline {:valid? true},
 :exceptions {:valid? true},
 :stats {:valid? true,
         :count 53,
         :ok-count 53,
         :fail-count 0,
         :info-count 0,
         :by-f {:echo {:valid? true,
                       :count 53,
                       :ok-count 53,
                       :fail-count 0,
                       :info-count 0}}},
 :availability {:valid? true, :ok-fraction 1.0},
 :net {:all {:send-count 108,
             :recv-count 108,
             :msg-count 108,
             :msgs-per-op 2.037736},
       :clients {:send-count 108, :recv-count 108, :msg-count 108},
       :servers {:send-count 0,
                 :recv-count 0,
                 :msg-count 0,
                 :msgs-per-op 0.0},
       :valid? true},
 :workload {:valid? true, :errors ()},
 :valid? true}


Everything looks good! ヽ(‘ー`)ノ
